[I 2026-07-28 08:29:57,402] Trial 0 finished with value: 2.351308822631836 and parameters: {'dModel': 118, 'heads': 8, 'output': 37, 'layers': 2, 'dropout': 0.29052154379463124, 'lr': 0.0005071979027572249, 'weightDecay': 0.0019582911314324487, 'maskRate': 0.14969362270366865, 'ntXentTemp': 0.5832814820268717}. Best is trial 0 with value: 2.351308822631836.
[I 2026-07-28 08:36:21,557] Trial 1 finished with value: 2.4728405475616455 and parameters: {'dModel': 92, 'heads': 6, 'output': 51, 'layers': 3, 'dropout': 0.1662768863100399, 'lr': 0.00011752123109417567, 'weightDecay': 0.006362596147875624, 'maskRate': 0.19987900727580743, 'ntXentTemp': 0.6588010759706053}. Best is trial 0 with value: 2.351308822631836.
[I 2026-07-28 08:39:27,300] Trial 2 finished with value: 2.4429545402526855 and parameters: {'dModel': 124, 'heads': 3, 'output': 64, 'layers': 2, 'dropout': 0.2524693689840951, 'lr': 4.646312120937666e-05, 'weightDecay': 0.07656731707013667, 'maskRate': 0.20491607312530755, 'ntXentTemp': 0.5492734600649508}. Best is trial 0 with value: 2.351308822631836.
[I 2026-07-28 08:44:21,324] Trial 3 finished with value: 2.522106647491455 and parameters: {'dModel': 59, 'heads': 5, 'output': 40, 'layers': 4, 'dropout': 0.04095106914953715, 'lr': 0.00035024848226589795, 'weightDecay': 0.048111976630977805, 'maskRate': 0.20975414704887352, 'ntXentTemp': 0.7135286546379095}. Best is trial 0 with value: 2.351308822631836.
[I 2026-07-28 08:47:01,446] Trial 4 finished with value: 2.8626818656921387 and parameters: {'dModel': 85, 'heads': 4, 'output': 35, 'layers': 2, 'dropout': 0.17593480971049372, 'lr': 1.4317541986231088e-05, 'weightDecay': 0.04420547961828571, 'maskRate': 0.15136968265759485, 'ntXentTemp': 0.6771166035475416}. Best is trial 0 with value: 2.351308822631836.
[I 2026-07-28 08:48:46,145] Trial 5 finished with value: 2.2792422771453857 and parameters: {'dModel': 20, 'heads': 5, 'output': 13, 'layers': 4, 'dropout': 0.04734608731899126, 'lr': 0.00019662768588212982, 'weightDecay': 0.0002706201627169365, 'maskRate': 0.17333197340837683, 'ntXentTemp': 0.5770947669962069}. Best is trial 5 with value: 2.2792422771453857.
[I 2026-07-28 08:51:01,875] Trial 6 finished with value: 1.8661540746688843 and parameters: {'dModel': 26, 'heads': 6, 'output': 39, 'layers': 2, 'dropout': 0.07317324591778436, 'lr': 0.0002914439868185295, 'weightDecay': 0.0001992843458313457, 'maskRate': 0.08032070476997494, 'ntXentTemp': 0.3874984352466843}. Best is trial 6 with value: 1.8661540746688843.
[I 2026-07-28 08:55:07,293] Trial 7 finished with value: 2.1588146686553955 and parameters: {'dModel': 19, 'heads': 6, 'output': 52, 'layers': 3, 'dropout': 0.10868700730090877, 'lr': 0.00014685915541767165, 'weightDecay': 0.0037633522339342376, 'maskRate': 0.11011825768661242, 'ntXentTemp': 0.49662879413122474}. Best is trial 6 with value: 1.8661540746688843.
[I 2026-07-28 09:00:52,493] Trial 8 finished with value: 1.5549468994140625 and parameters: {'dModel': 29, 'heads': 7, 'output': 58, 'layers': 3, 'dropout': 0.1629569541588515, 'lr': 0.0005972416634826643, 'weightDecay': 0.0002563100571266941, 'maskRate': 0.20850126105375621, 'ntXentTemp': 0.3057593617288774}. Best is trial 8 with value: 1.5549468994140625.
[I 2026-07-28 09:06:58,770] Trial 9 finished with value: 1.6418401002883911 and parameters: {'dModel': 105, 'heads': 6, 'output': 13, 'layers': 4, 'dropout': 0.2942519715293788, 'lr': 7.529911212924581e-05, 'weightDecay': 0.00018133972414987766, 'maskRate': 0.05889257505899286, 'ntXentTemp': 0.3423910460021654}. Best is trial 8 with value: 1.5549468994140625.
[I 2026-07-28 09:07:05,446] Trial 10 pruned. 
[I 2026-07-28 09:12:21,161] Trial 11 finished with value: 0.7617120146751404 and parameters: {'dModel': 48, 'heads': 8, 'output': 9, 'layers': 4, 'dropout': 0.23434166014334026, 'lr': 0.0018069013655560506, 'weightDecay': 0.00012909113284385843, 'maskRate': 0.05038496969060581, 'ntXentTemp': 0.2122568484515437}. Best is trial 11 with value: 0.7617120146751404.
[I 2026-07-28 09:18:38,120] Trial 12 finished with value: 0.9509413838386536 and parameters: {'dModel': 46, 'heads': 8, 'output': 24, 'layers': 3, 'dropout': 0.22306259785946506, 'lr': 0.001511038750203629, 'weightDecay': 0.00010174141387969558, 'maskRate': 0.10437422768935845, 'ntXentTemp': 0.20517869485848422}. Best is trial 11 with value: 0.7617120146751404.
[I 2026-07-28 09:27:30,604] Trial 13 finished with value: 1.006514310836792 and parameters: {'dModel': 50, 'heads': 8, 'output': 23, 'layers': 4, 'dropout': 0.22461341147272332, 'lr': 0.0021857689664573662, 'weightDecay': 0.00010228579537746338, 'maskRate': 0.1044028476023776, 'ntXentTemp': 0.21796659374613425}. Best is trial 11 with value: 0.7617120146751404.
[I 2026-07-28 09:34:38,151] Trial 14 finished with value: 0.7573765516281128 and parameters: {'dModel': 71, 'heads': 8, 'output': 9, 'layers': 3, 'dropout': 0.25163995351879137, 'lr': 0.0011312104573908165, 'weightDecay': 0.0006566886807650436, 'maskRate': 0.05044945500569262, 'ntXentTemp': 0.2000242951407391}. Best is trial 14 with value: 0.7573765516281128.
[I 2026-07-28 09:39:37,959] Trial 15 finished with value: 1.8053970336914062 and parameters: {'dModel': 71, 'heads': 7, 'output': 8, 'layers': 4, 'dropout': 0.2533758083681272, 'lr': 0.0009846930087336584, 'weightDecay': 0.0006785514652776374, 'maskRate': 0.05354287431540077, 'ntXentTemp': 0.42531355977299334}. Best is trial 14 with value: 0.7573765516281128.
[I 2026-07-28 09:44:02,362] Trial 16 finished with value: 1.2268556356430054 and parameters: {'dModel': 71, 'heads': 7, 'output': 17, 'layers': 3, 'dropout': 0.1368236140962008, 'lr': 0.001071632170516385, 'weightDecay': 0.0006004591017810164, 'maskRate': 0.07732630103055331, 'ntXentTemp': 0.2880517457757207}. Best is trial 14 with value: 0.7573765516281128.
[I 2026-07-28 09:48:50,286] Trial 17 finished with value: 0.709136962890625 and parameters: {'dModel': 75, 'heads': 8, 'output': 8, 'layers': 4, 'dropout': 0.2593027424176094, 'lr': 0.0008585412866112363, 'weightDecay': 0.014559311966937978, 'maskRate': 0.07744389739998186, 'ntXentTemp': 0.21164047020642013}. Best is trial 17 with value: 0.709136962890625.
[I 2026-07-28 09:49:09,251] Trial 18 pruned. 
[I 2026-07-28 09:58:27,715] Trial 19 finished with value: 1.3227916955947876 and parameters: {'dModel': 102, 'heads': 8, 'output': 30, 'layers': 4, 'dropout': 0.2770168477584498, 'lr': 0.0004084512851295885, 'weightDecay': 0.013597280854538362, 'maskRate': 0.13730519003277375, 'ntXentTemp': 0.2892902145539534}. Best is trial 17 with value: 0.709136962890625.
[I 2026-07-28 09:58:49,091] Trial 20 pruned. 
[I 2026-07-28 10:02:07,692] Trial 21 finished with value: 0.8730288147926331 and parameters: {'dModel': 35, 'heads': 8, 'output': 11, 'layers': 4, 'dropout': 0.23020326205732936, 'lr': 0.0019896401352349873, 'weightDecay': 0.0023583918254485347, 'maskRate': 0.0522555452161023, 'ntXentTemp': 0.21130933014008882}. Best is trial 17 with value: 0.709136962890625.
[I 2026-07-28 10:06:15,872] Trial 22 finished with value: 1.0516810417175293 and parameters: {'dModel': 61, 'heads': 8, 'output': 8, 'layers': 4, 'dropout': 0.20215152026089372, 'lr': 0.00135635808023152, 'weightDecay': 0.0004701914715369706, 'maskRate': 0.07142982400906825, 'ntXentTemp': 0.26415540335403964}. Best is trial 17 with value: 0.709136962890625.
[I 2026-07-28 10:07:19,756] Trial 23 pruned. 
[I 2026-07-28 10:13:18,576] Trial 24 finished with value: 1.1346865892410278 and parameters: {'dModel': 77, 'heads': 8, 'output': 12, 'layers': 4, 'dropout': 0.19861398465194274, 'lr': 0.0015555149392389406, 'weightDecay': 0.0051365721265484434, 'maskRate': 0.06586498168102976, 'ntXentTemp': 0.2590982435344185}. Best is trial 17 with value: 0.709136962890625.
best valLoss=0.709137 -> /Users/evangeline.bangsil/localwork/UTD-PROJECT/fm-subtype-discovery/data/tune/bestParamsMdd.json
{'dModel': 75, 'heads': 8, 'output': 8, 'layers': 4, 'dropout': 0.2593027424176094, 'lr': 0.0008585412866112363, 'weightDecay': 0.014559311966937978, 'maskRate': 0.07744389739998186, 'ntXentTemp': 0.21164047020642013}
