[I 2026-07-27 17:04:55,140] Trial 0 finished with value: 2.7113678455352783 and parameters: {'dModel': 121, 'heads': 6, 'output': 18, 'layers': 4, 'dropout': 0.13199577296891563, 'lr': 7.515379153689853e-05, 'weightDecay': 0.004918182744986571, 'maskRate': 0.16912765174805797, 'ntXentTemp': 0.8374795566002393}. Best is trial 0 with value: 2.7113678455352783.
[I 2026-07-27 17:06:57,878] Trial 1 finished with value: 2.796329975128174 and parameters: {'dModel': 40, 'heads': 6, 'output': 10, 'layers': 3, 'dropout': 0.1139801460957062, 'lr': 1.7370029558803482e-05, 'weightDecay': 0.0032733415609318525, 'maskRate': 0.20264767027549546, 'ntXentTemp': 0.6953907716040224}. Best is trial 0 with value: 2.7113678455352783.
[I 2026-07-27 17:12:35,157] Trial 2 finished with value: 2.5045182704925537 and parameters: {'dModel': 70, 'heads': 8, 'output': 56, 'layers': 2, 'dropout': 0.27412065143725795, 'lr': 2.608355863536816e-05, 'weightDecay': 0.042343814373735, 'maskRate': 0.20391407767370964, 'ntXentTemp': 0.6157606183445785}. Best is trial 2 with value: 2.5045182704925537.
[I 2026-07-27 17:14:38,643] Trial 3 finished with value: 2.078782558441162 and parameters: {'dModel': 34, 'heads': 3, 'output': 43, 'layers': 3, 'dropout': 0.09502741490422995, 'lr': 0.001120282562009446, 'weightDecay': 0.012114246428020961, 'maskRate': 0.21352114204416026, 'ntXentTemp': 0.49432582303605854}. Best is trial 3 with value: 2.078782558441162.
[I 2026-07-27 17:22:06,120] Trial 4 finished with value: 2.649510622024536 and parameters: {'dModel': 55, 'heads': 8, 'output': 38, 'layers': 4, 'dropout': 0.017585984330527514, 'lr': 0.0008199655923631357, 'weightDecay': 0.00014938836529981183, 'maskRate': 0.22904919764958157, 'ntXentTemp': 0.7909170792967823}. Best is trial 3 with value: 2.078782558441162.
[I 2026-07-27 17:23:50,976] Trial 5 finished with value: 2.3346006870269775 and parameters: {'dModel': 25, 'heads': 7, 'output': 9, 'layers': 3, 'dropout': 0.2540241233304376, 'lr': 0.0003626430429839109, 'weightDecay': 0.0006300465950835383, 'maskRate': 0.2112825417304665, 'ntXentTemp': 0.592561399355797}. Best is trial 3 with value: 2.078782558441162.
[I 2026-07-27 17:24:05,548] Trial 6 pruned. 
[I 2026-07-27 17:24:41,616] Trial 7 pruned. 
[I 2026-07-27 17:26:34,010] Trial 8 finished with value: 2.0806896686553955 and parameters: {'dModel': 103, 'heads': 2, 'output': 61, 'layers': 2, 'dropout': 0.12105742537777514, 'lr': 0.00027174894327514705, 'weightDecay': 0.07921882162297282, 'maskRate': 0.2172891490203593, 'ntXentTemp': 0.45970028276066677}. Best is trial 3 with value: 2.078782558441162.
[I 2026-07-27 17:35:51,918] Trial 9 finished with value: 1.9066057205200195 and parameters: {'dModel': 90, 'heads': 8, 'output': 59, 'layers': 3, 'dropout': 0.06897482475160806, 'lr': 0.0003198417162536993, 'weightDecay': 0.0007376904572687587, 'maskRate': 0.06780759360672228, 'ntXentTemp': 0.4102438658706989}. Best is trial 9 with value: 1.9066057205200195.
[I 2026-07-27 17:39:50,570] Trial 10 finished with value: 0.9232717156410217 and parameters: {'dModel': 92, 'heads': 4, 'output': 28, 'layers': 4, 'dropout': 0.004635174811113446, 'lr': 0.0017971292480371043, 'weightDecay': 0.00010521535841129134, 'maskRate': 0.05847064477735475, 'ntXentTemp': 0.23256284900231328}. Best is trial 10 with value: 0.9232717156410217.
[I 2026-07-27 17:43:58,344] Trial 11 finished with value: 0.9623076319694519 and parameters: {'dModel': 94, 'heads': 4, 'output': 30, 'layers': 4, 'dropout': 0.0031515954559866166, 'lr': 0.0026545968070640228, 'weightDecay': 0.00010831330032562704, 'maskRate': 0.053973052252491806, 'ntXentTemp': 0.23260033870434343}. Best is trial 10 with value: 0.9232717156410217.
[I 2026-07-27 17:47:58,063] Trial 12 finished with value: 0.7856196165084839 and parameters: {'dModel': 93, 'heads': 4, 'output': 28, 'layers': 4, 'dropout': 0.0009157957056157551, 'lr': 0.0026610101992359456, 'weightDecay': 0.00010363085337863342, 'maskRate': 0.05360555621948052, 'ntXentTemp': 0.20132789349468766}. Best is trial 12 with value: 0.7856196165084839.
[I 2026-07-27 17:52:21,027] Trial 13 finished with value: 0.8093522191047668 and parameters: {'dModel': 121, 'heads': 4, 'output': 25, 'layers': 4, 'dropout': 0.04780269992723273, 'lr': 0.002889292580484657, 'weightDecay': 0.00022504393380436662, 'maskRate': 0.08388615632276503, 'ntXentTemp': 0.21408212281007738}. Best is trial 12 with value: 0.7856196165084839.
[I 2026-07-27 17:56:47,849] Trial 14 finished with value: 1.280906081199646 and parameters: {'dModel': 128, 'heads': 4, 'output': 24, 'layers': 4, 'dropout': 0.04832781899399044, 'lr': 0.0029502951052959507, 'weightDecay': 0.0003789997878735255, 'maskRate': 0.09701749297583477, 'ntXentTemp': 0.290213229866571}. Best is trial 12 with value: 0.7856196165084839.
[I 2026-07-27 18:03:06,623] Trial 15 finished with value: 1.5820086002349854 and parameters: {'dModel': 112, 'heads': 5, 'output': 36, 'layers': 4, 'dropout': 0.044788754907809585, 'lr': 0.0008304688755684742, 'weightDecay': 0.00027708260812287834, 'maskRate': 0.09190671159605585, 'ntXentTemp': 0.34813918630559687}. Best is trial 12 with value: 0.7856196165084839.
[I 2026-07-27 18:04:51,935] Trial 16 finished with value: 1.3928238153457642 and parameters: {'dModel': 75, 'heads': 2, 'output': 24, 'layers': 4, 'dropout': 0.17507158195870245, 'lr': 0.001356106364288383, 'weightDecay': 0.00027991963536623115, 'maskRate': 0.08819955829484828, 'ntXentTemp': 0.32960592257052}. Best is trial 12 with value: 0.7856196165084839.
[I 2026-07-27 18:07:43,606] Trial 17 finished with value: 0.789445698261261 and parameters: {'dModel': 112, 'heads': 3, 'output': 17, 'layers': 4, 'dropout': 0.05500483413817077, 'lr': 0.0006009262578058404, 'weightDecay': 0.0017607758349850505, 'maskRate': 0.1030504554674938, 'ntXentTemp': 0.22429237086398904}. Best is trial 12 with value: 0.7856196165084839.
[I 2026-07-27 18:07:54,678] Trial 18 pruned. 
[I 2026-07-27 18:10:05,816] Trial 19 finished with value: 1.3222451210021973 and parameters: {'dModel': 81, 'heads': 3, 'output': 15, 'layers': 4, 'dropout': 0.21664248997650737, 'lr': 0.000450918718073824, 'weightDecay': 0.022523560157676755, 'maskRate': 0.11164194785293813, 'ntXentTemp': 0.29316370013058307}. Best is trial 12 with value: 0.7856196165084839.
[I 2026-07-27 18:17:24,680] Trial 20 finished with value: 0.8691366314888 and parameters: {'dModel': 102, 'heads': 5, 'output': 46, 'layers': 4, 'dropout': 0.035395771742177215, 'lr': 0.00015819865128955708, 'weightDecay': 0.0024727641897082774, 'maskRate': 0.14862914691227633, 'ntXentTemp': 0.2000703814837811}. Best is trial 12 with value: 0.7856196165084839.
[I 2026-07-27 18:23:07,282] Trial 21 finished with value: 0.7295840978622437 and parameters: {'dModel': 116, 'heads': 5, 'output': 21, 'layers': 4, 'dropout': 0.07043685572246397, 'lr': 0.0020284395181569223, 'weightDecay': 0.00019330703837717642, 'maskRate': 0.07577009517096656, 'ntXentTemp': 0.201606599507886}. Best is trial 21 with value: 0.7295840978622437.
[I 2026-07-27 18:23:33,406] Trial 22 pruned. 
[I 2026-07-27 18:27:23,391] Trial 23 finished with value: 1.2422856092453003 and parameters: {'dModel': 84, 'heads': 3, 'output': 33, 'layers': 4, 'dropout': 0.029225389948297636, 'lr': 0.0005802702542839342, 'weightDecay': 0.0004443703803712349, 'maskRate': 0.05175299095987282, 'ntXentTemp': 0.2894922239684181}. Best is trial 21 with value: 0.7295840978622437.
[I 2026-07-27 18:27:58,006] Trial 24 pruned. 
best valLoss=0.729584 -> /Users/evangeline.bangsil/localwork/UTD-PROJECT/fm-subtype-discovery/data/tune/bestParamsMdd.json
{'dModel': 116, 'heads': 5, 'output': 21, 'layers': 4, 'dropout': 0.07043685572246397, 'lr': 0.0020284395181569223, 'weightDecay': 0.00019330703837717642, 'maskRate': 0.07577009517096656, 'ntXentTemp': 0.201606599507886}
