[I 2026-07-28 01:16:50,830] Trial 0 finished with value: 2.8471217155456543 and parameters: {'dModel': 58, 'heads': 4, 'output': 16, 'layers': 2, 'dropout': 0.27096520579538524, 'lr': 1.6217087597013153e-05, 'weightDecay': 0.03542337991653548, 'maskRate': 0.18504140694785057, 'ntXentTemp': 0.5359242477087024}. Best is trial 0 with value: 2.8471217155456543.
[I 2026-07-28 01:20:32,612] Trial 1 finished with value: 2.5162975788116455 and parameters: {'dModel': 48, 'heads': 8, 'output': 34, 'layers': 2, 'dropout': 0.09005671957006162, 'lr': 9.458730824264824e-05, 'weightDecay': 0.0006939545482176896, 'maskRate': 0.21612710667583138, 'ntXentTemp': 0.6614279585555339}. Best is trial 1 with value: 2.5162975788116455.
[I 2026-07-28 01:23:03,683] Trial 2 finished with value: 2.6303176879882812 and parameters: {'dModel': 92, 'heads': 2, 'output': 45, 'layers': 4, 'dropout': 0.02436871973893039, 'lr': 1.8476471853938772e-05, 'weightDecay': 0.0008036452781005651, 'maskRate': 0.09796869161315853, 'ntXentTemp': 0.6208441823299291}. Best is trial 1 with value: 2.5162975788116455.
[I 2026-07-28 01:29:50,044] Trial 3 finished with value: 1.2822201251983643 and parameters: {'dModel': 75, 'heads': 5, 'output': 57, 'layers': 4, 'dropout': 0.027292206960141428, 'lr': 8.964270129121269e-05, 'weightDecay': 0.0066168940216440476, 'maskRate': 0.11260163975536118, 'ntXentTemp': 0.2557623076989867}. Best is trial 3 with value: 1.2822201251983643.
[I 2026-07-28 01:33:11,508] Trial 4 finished with value: 2.8323283195495605 and parameters: {'dModel': 116, 'heads': 4, 'output': 35, 'layers': 2, 'dropout': 0.07823285304158116, 'lr': 5.4695643083771934e-05, 'weightDecay': 0.006370254644935935, 'maskRate': 0.12860384249092047, 'ntXentTemp': 0.9246371798141474}. Best is trial 3 with value: 1.2822201251983643.
[I 2026-07-28 01:38:25,272] Trial 5 finished with value: 2.4876346588134766 and parameters: {'dModel': 30, 'heads': 5, 'output': 53, 'layers': 4, 'dropout': 0.053028702131425076, 'lr': 0.0006979839723237588, 'weightDecay': 0.006051333159455606, 'maskRate': 0.08777165698911099, 'ntXentTemp': 0.6844652661011527}. Best is trial 3 with value: 1.2822201251983643.
[I 2026-07-28 01:41:25,821] Trial 6 finished with value: 2.410220146179199 and parameters: {'dModel': 93, 'heads': 2, 'output': 60, 'layers': 4, 'dropout': 0.2910408100765132, 'lr': 0.002076025025841562, 'weightDecay': 0.005376196840549374, 'maskRate': 0.17514256849893273, 'ntXentTemp': 0.6582295114237577}. Best is trial 3 with value: 1.2822201251983643.
[I 2026-07-28 01:45:50,041] Trial 7 finished with value: 1.9825966358184814 and parameters: {'dModel': 56, 'heads': 5, 'output': 52, 'layers': 3, 'dropout': 0.16958098542696795, 'lr': 0.00019470027997707824, 'weightDecay': 0.06200859861545888, 'maskRate': 0.21700364886689288, 'ntXentTemp': 0.4359393613497596}. Best is trial 3 with value: 1.2822201251983643.
[I 2026-07-28 01:52:28,585] Trial 8 finished with value: 2.2902660369873047 and parameters: {'dModel': 21, 'heads': 6, 'output': 60, 'layers': 4, 'dropout': 0.2575227979543433, 'lr': 0.0009975754507083742, 'weightDecay': 0.0028124499496454377, 'maskRate': 0.054381632570601274, 'ntXentTemp': 0.5665434632135832}. Best is trial 3 with value: 1.2822201251983643.
[I 2026-07-28 01:55:11,442] Trial 9 finished with value: 1.9803216457366943 and parameters: {'dModel': 120, 'heads': 2, 'output': 61, 'layers': 3, 'dropout': 0.10427383071283834, 'lr': 0.001152079495649652, 'weightDecay': 0.023361488612925724, 'maskRate': 0.22715834546484473, 'ntXentTemp': 0.46524738118994674}. Best is trial 3 with value: 1.2822201251983643.
[I 2026-07-28 02:00:17,516] Trial 10 finished with value: 1.130892038345337 and parameters: {'dModel': 82, 'heads': 8, 'output': 16, 'layers': 3, 'dropout': 0.20086036285087372, 'lr': 0.0003046365083241676, 'weightDecay': 0.00018048566889970817, 'maskRate': 0.14160300854981736, 'ntXentTemp': 0.23481150059940914}. Best is trial 10 with value: 1.130892038345337.
[I 2026-07-28 02:05:21,619] Trial 11 finished with value: 1.2467344999313354 and parameters: {'dModel': 81, 'heads': 8, 'output': 16, 'layers': 3, 'dropout': 0.17794256654794732, 'lr': 0.00024037234614628048, 'weightDecay': 0.00010942296073392602, 'maskRate': 0.13935422996889485, 'ntXentTemp': 0.2517118582753956}. Best is trial 10 with value: 1.130892038345337.
[I 2026-07-28 02:10:07,745] Trial 12 finished with value: 0.8675795197486877 and parameters: {'dModel': 87, 'heads': 8, 'output': 9, 'layers': 3, 'dropout': 0.1888636950615153, 'lr': 0.0002646689582579704, 'weightDecay': 0.00010349147458143599, 'maskRate': 0.15477215695134627, 'ntXentTemp': 0.21916160860457967}. Best is trial 12 with value: 0.8675795197486877.
[I 2026-07-28 02:15:12,423] Trial 13 finished with value: 1.5335725545883179 and parameters: {'dModel': 101, 'heads': 7, 'output': 13, 'layers': 3, 'dropout': 0.2024099342762115, 'lr': 0.0002646876129345835, 'weightDecay': 0.00010264560571703109, 'maskRate': 0.16685150866807408, 'ntXentTemp': 0.33765601757033603}. Best is trial 12 with value: 0.8675795197486877.
[I 2026-07-28 02:18:47,211] Trial 14 finished with value: 0.7034619450569153 and parameters: {'dModel': 70, 'heads': 7, 'output': 8, 'layers': 3, 'dropout': 0.2196868644646505, 'lr': 0.0004985804310354419, 'weightDecay': 0.0002988464572491374, 'maskRate': 0.15603466253449558, 'ntXentTemp': 0.20009362590184204}. Best is trial 14 with value: 0.7034619450569153.
[I 2026-07-28 02:22:08,118] Trial 15 finished with value: 1.5841383934020996 and parameters: {'dModel': 66, 'heads': 7, 'output': 8, 'layers': 3, 'dropout': 0.1480175998587298, 'lr': 0.000511206428424297, 'weightDecay': 0.00038926238544920313, 'maskRate': 0.19246923717925005, 'ntXentTemp': 0.35445173881163483}. Best is trial 14 with value: 0.7034619450569153.
[I 2026-07-28 02:25:45,613] Trial 16 finished with value: 1.0756734609603882 and parameters: {'dModel': 39, 'heads': 7, 'output': 25, 'layers': 3, 'dropout': 0.2295503589214995, 'lr': 0.0027554341465474658, 'weightDecay': 0.00043902673053789837, 'maskRate': 0.16269294911484586, 'ntXentTemp': 0.20877129244263962}. Best is trial 14 with value: 0.7034619450569153.
[I 2026-07-28 02:26:01,087] Trial 17 pruned. 
[I 2026-07-28 02:26:20,759] Trial 18 pruned. 
[I 2026-07-28 02:26:46,218] Trial 19 pruned. 
[I 2026-07-28 02:33:24,858] Trial 20 finished with value: 1.4286412000656128 and parameters: {'dModel': 85, 'heads': 8, 'output': 29, 'layers': 3, 'dropout': 0.12551832966305282, 'lr': 0.0003922420673470751, 'weightDecay': 0.00122230916204123, 'maskRate': 0.07461582010284878, 'ntXentTemp': 0.30657978542712794}. Best is trial 14 with value: 0.7034619450569153.
[I 2026-07-28 02:36:50,570] Trial 21 finished with value: 0.8301540613174438 and parameters: {'dModel': 39, 'heads': 7, 'output': 22, 'layers': 3, 'dropout': 0.22489082592800427, 'lr': 0.002100042834573475, 'weightDecay': 0.0004213149447871738, 'maskRate': 0.16326335936319014, 'ntXentTemp': 0.2039944656930434}. Best is trial 14 with value: 0.7034619450569153.
[I 2026-07-28 02:40:02,389] Trial 22 finished with value: 0.8588203191757202 and parameters: {'dModel': 49, 'heads': 7, 'output': 12, 'layers': 3, 'dropout': 0.20153064894920217, 'lr': 0.0013405476287095435, 'weightDecay': 0.0003826971247724882, 'maskRate': 0.12337503316254501, 'ntXentTemp': 0.21260141907900784}. Best is trial 14 with value: 0.7034619450569153.
[I 2026-07-28 02:42:52,887] Trial 23 finished with value: 1.2898775339126587 and parameters: {'dModel': 42, 'heads': 6, 'output': 19, 'layers': 3, 'dropout': 0.2498939014569323, 'lr': 0.0011775526187897418, 'weightDecay': 0.0004545042877023331, 'maskRate': 0.11933171279145613, 'ntXentTemp': 0.29498781175024524}. Best is trial 14 with value: 0.7034619450569153.
[I 2026-07-28 02:43:05,137] Trial 24 pruned. 
best valLoss=0.703462 -> /Users/evangeline.bangsil/localwork/UTD-PROJECT/fm-subtype-discovery/data/tune/bestParamsMdd.json
{'dModel': 70, 'heads': 7, 'output': 8, 'layers': 3, 'dropout': 0.2196868644646505, 'lr': 0.0004985804310354419, 'weightDecay': 0.0002988464572491374, 'maskRate': 0.15603466253449558, 'ntXentTemp': 0.20009362590184204}
